Charm++: standalone mode (not using charmrun)
Charm++> Running in Multicore mode: 12 threads (PEs)
Charm++> Using recursive bisection (scheme 3) for topology aware partitions
Converse/Charm++ Commit ID: v6.10.2-0-g7bf00fa-namd-charm-6.10.2-build-2020-Aug-05-556
Warning> Randomization of virtual memory (ASLR) is turned on in the kernel, thread migration may not work! Run 'echo 0 > /proc/sys/kernel/randomize_va_space' as root to disable it, or try running with '+isomalloc_sync'.
CharmLB> Load balancer assumes all CPUs are same.
Charm++> Running on 1 hosts (1 sockets x 6 cores x 2 PUs = 12-way SMP)
Charm++> cpu topology info is gathered in 0.001 seconds.
Info: NAMD 2.14 for Linux-x86_64-multicore
Info: 
Info: Please visit http://www.ks.uiuc.edu/Research/namd/
Info: for updates, documentation, and support information.
Info: 
Info: Please cite Phillips et al., J. Chem. Phys. 153:044130 (2020) doi:10.1063/5.0014475
Info: in all publications reporting results obtained with NAMD.
Info: 
Info: Based on Charm++/Converse 61002 for multicore-linux-x86_64-iccstatic
Info: Built Mon Aug 24 10:08:36 CDT 2020 by jim on belfast.ks.uiuc.edu
Info: 1 NAMD  2.14  Linux-x86_64-multicore  12    pc1c-16  convidat
Info: Running on 12 processors, 1 nodes, 1 physical nodes.
Info: CPU topology information available.
Info: Charm++/Converse parallel runtime startup completed at 0.00892921 s
CkLoopLib is used in SMP with simple dynamic scheduling (converse-level notification)
Info: 823.504 MB of memory in use based on /proc/self/stat
Info: Configuration file is 1znj_cooling.conf
Info: Working in the current directory /media/convidat/97B9-BB5D/Treball final SSN/2-6-heat-diff
TCL: Suspending until startup complete.
Warning: The following variables were set in the
Warning: configuration file but will be ignored:
Warning:    langevinTemp (Langevin)
Warning:    langevinDamping (Langevin)
Warning:    langevinHydrogen (Langevin)
Info: SIMULATION PARAMETERS:
Info: TIMESTEP               2
Info: NUMBER OF STEPS        0
Info: STEPS PER CYCLE        10
Info: LOAD BALANCER  Centralized
Info: LOAD BALANCING STRATEGY  New Load Balancers -- DEFAULT
Info: LDB PERIOD             2000 steps
Info: FIRST LDB TIMESTEP     50
Info: LAST LDB TIMESTEP     -1
Info: LDB BACKGROUND SCALING 1
Info: HOM BACKGROUND SCALING 1
Info: MIN ATOMS PER PATCH    40
Info: INITIAL TEMPERATURE    300
Info: CENTER OF MASS MOVING INITIALLY? NO
Info: DIELECTRIC             1
Info: EXCLUDE                SCALED ONE-FOUR
Info: 1-4 ELECTROSTATICS SCALED BY 1
Info: MODIFIED 1-4 VDW PARAMETERS WILL BE USED
Info: DCD FILENAME           1znj_cooling.dcd
Info: DCD FREQUENCY          500
Info: DCD FIRST STEP         500
Info: XST FILENAME           1znj_cooling.xst
Info: XST FREQUENCY          500
Info: NO VELOCITY DCD OUTPUT
Info: NO FORCE DCD OUTPUT
Info: OUTPUT FILENAME        1znj_cooling
Info: BINARY OUTPUT FILES WILL BE USED
Info: RESTART FILENAME       1znj_cooling.restart
Info: RESTART FREQUENCY      500
Info: BINARY RESTART FILES WILL BE USED
Info: SWITCHING ACTIVE
Info: SWITCHING ON           10
Info: SWITCHING OFF          12
Info: PAIRLIST DISTANCE      13.5
Info: PAIRLIST SHRINK RATE   0.01
Info: PAIRLIST GROW RATE     0.01
Info: PAIRLIST TRIGGER       0.3
Info: PAIRLISTS PER CYCLE    2
Info: PAIRLISTS ENABLED
Info: MARGIN                 0
Info: HYDROGEN GROUP CUTOFF  2.5
Info: PATCH DIMENSION        16
Info: ENERGY OUTPUT STEPS    25
Info: CROSSTERM ENERGY INCLUDED IN DIHEDRAL
Info: TIMING OUTPUT STEPS    250
Info: HARMONIC CONSTRAINTS ACTIVE
Info: HARMONIC CONS EXP      2
Info: SPHERICAL BOUNDARY CONDITIONS ACTIVE
Info: RADIUS #1              26
Info: FORCE CONSTANT #1      10
Info: EXPONENT #1            2
Info: SPHERE BOUNDARY CENTER(9.54495, 2.62299, -11.1423)
Info: TEMPERATURE COUPLING ACTIVE
Info: COUPLING TEMPERATURE   200
Info: USING VERLET I (r-RESPA) MTS SCHEME.
Info: C1 SPLITTING OF LONG RANGE ELECTROSTATICS
Info: PLACING ATOMS IN PATCHES BY HYDROGEN GROUPS
Info: RANDOM NUMBER SEED     1716395800
Info: USE HYDROGEN BONDS?    NO
Info: COORDINATE PDB         ../common/1znj_ws.pdb
Info: STRUCTURE FILE         ../common/1znj_ws.psf
Info: PARAMETER file: CHARMM format! 
Info: PARAMETERS             ../common/par_all27_prot_lipid.inp
Info: USING ARITHMETIC MEAN TO COMBINE L-J SIGMA PARAMETERS
Info: BINARY COORDINATES     ../1-2-sphere/1znj_ws_eq.restart.coor
Info: SUMMARY OF PARAMETERS:
Info: 180 BONDS
Info: 447 ANGLES
Info: 566 DIHEDRAL
Info: 46 IMPROPER
Info: 6 CROSSTERM
Info: 119 VDW
Info: 0 VDW_PAIRS
Info: 0 NBTHOLE_PAIRS
Info: TIME FOR READING PSF FILE: 0.0266594
Info: Reading pdb file ../common/1znj_ws.pdb
Info: TIME FOR READING PDB FILE: 0.00274262
Info: 
Info: ****************************
Info: STRUCTURE SUMMARY:
Info: 2444 ATOMS
Info: 1787 BONDS
Info: 1486 ANGLES
Info: 1214 DIHEDRALS
Info: 76 IMPROPERS
Info: 27 CROSSTERMS
Info: 0 EXCLUSIONS
Info: 883 CONSTRAINTS
Info: 7332 DEGREES OF FREEDOM
Info: 897 HYDROGEN GROUPS
Info: 4 ATOMS IN LARGEST HYDROGEN GROUP
Info: 897 MIGRATION GROUPS
Info: 4 ATOMS IN LARGEST MIGRATION GROUP
Info: TOTAL MASS = 15307.1 amu
Info: TOTAL CHARGE = 2.23517e-07 e
Info: *****************************
Info: Reading from binary file ../1-2-sphere/1znj_ws_eq.restart.coor
Info: 
Info: Entering startup at 0.0899231 s, 841.34 MB of memory in use
Info: Startup phase 0 took 5.6634e-05 s, 841.34 MB of memory in use
Info: ADDED 4467 IMPLICIT EXCLUSIONS
Info: Startup phase 1 took 0.000669198 s, 841.625 MB of memory in use
Info: NONBONDED TABLE R-SQUARED SPACING: 0.0625
Info: NONBONDED TABLE SIZE: 769 POINTS
Info: ABSOLUTE IMPRECISION IN FAST TABLE ENERGY: 3.38813e-21 AT 11.8295
Info: RELATIVE IMPRECISION IN FAST TABLE ENERGY: 5.45773e-14 AT 11.9138
Info: ABSOLUTE IMPRECISION IN FAST TABLE FORCE: 8.47033e-22 AT 11.9138
Info: RELATIVE IMPRECISION IN FAST TABLE FORCE: 1.6856e-15 AT 11.9138
Info: INCONSISTENCY IN FAST TABLE ENERGY VS FORCE: 0.000290274 AT 0.251946
Info: ABSOLUTE IMPRECISION IN VDWA TABLE ENERGY: 9.86076e-32 AT 11.8295
Info: RELATIVE IMPRECISION IN VDWA TABLE ENERGY: 6.75473e-14 AT 11.9138
Info: ABSOLUTE IMPRECISION IN VDWA TABLE FORCE: 4.62223e-32 AT 11.9138
Info: RELATIVE IMPRECISION IN VDWA TABLE FORCE: 2.12237e-15 AT 11.9138
Info: INCONSISTENCY IN VDWA TABLE ENERGY VS FORCE: 0.0040507 AT 0.251946
Info: ABSOLUTE IMPRECISION IN VDWB TABLE ENERGY: 4.1359e-25 AT 11.8295
Info: RELATIVE IMPRECISION IN VDWB TABLE ENERGY: 7.56853e-15 AT 11.9138
Info: ABSOLUTE IMPRECISION IN VDWB TABLE FORCE: 3.87741e-26 AT 11.9138
Info: RELATIVE IMPRECISION IN VDWB TABLE FORCE: 5.97409e-16 AT 11.9138
Info: INCONSISTENCY IN VDWB TABLE ENERGY VS FORCE: 0.00150189 AT 0.251946
Info: Startup phase 2 took 0.000693661 s, 842.414 MB of memory in use
Info: Startup phase 3 took 4.3182e-05 s, 842.414 MB of memory in use
Info: Startup phase 4 took 5.3565e-05 s, 842.414 MB of memory in use
Info: Startup phase 5 took 3.7582e-05 s, 842.414 MB of memory in use
Info: ORIGINAL ATOMS MINMAX IS -8.24346 -16.1801 -30.9969  29.0126 21.8713 10.1802
Info: ADJUSTED ATOMS MINMAX IS -3.40071 -11.4163 -25.1182  22.2083 16.8266 3.95289
Info: PATCH GRID IS 2 BY 2 BY 2
Info: PATCH GRID IS 1-AWAY BY 1-AWAY BY 1-AWAY
Info: REMOVING COM VELOCITY 0.0625486 0.0986178 -0.0137092
Info: LARGEST PATCH (4) HAS 354 ATOMS
Info: TORUS A SIZE 1 USING 0
Info: TORUS B SIZE 1 USING 0
Info: TORUS C SIZE 1 USING 0
Info: TORUS MINIMAL MESH SIZE IS 1 BY 1 BY 1
Info: Placed 100% of base nodes on same physical node as patch
Info: Startup phase 6 took 0.00113918 s, 842.957 MB of memory in use
Info: Startup phase 7 took 4.3501e-05 s, 842.957 MB of memory in use
Info: Startup phase 8 took 4.2437e-05 s, 842.957 MB of memory in use
Info: Startup phase 9 took 3.7943e-05 s, 842.957 MB of memory in use
Info: Startup phase 10 took 4.0937e-05 s, 842.957 MB of memory in use
Info: Startup phase 11 took 7.6518e-05 s, 842.957 MB of memory in use
LDB: Central LB being created...
Info: Startup phase 12 took 4.7684e-05 s, 842.957 MB of memory in use
Info: CREATING 132 COMPUTE OBJECTS
Info: useSync: 0 useProxySync: 0
Info: Startup phase 13 took 0.000638673 s, 842.957 MB of memory in use
Info: Startup phase 14 took 6.2408e-05 s, 842.957 MB of memory in use
Info: Startup phase 15 took 2.2304e-05 s, 842.957 MB of memory in use
Info: Finished startup at 0.0936285 s, 842.957 MB of memory in use

TCL: Running for 5000 steps
ETITLE:      TS           BOND          ANGLE          DIHED          IMPRP               ELECT            VDW       BOUNDARY           MISC        KINETIC               TOTAL           TEMP      POTENTIAL         TOTAL3        TEMPAVG

ENERGY:       0        92.8837       271.1915       132.1815        19.6285          -7738.4734       578.5226         0.0002         0.0000      2212.7632          -4431.3023       303.7406     -6644.0655     -4396.6573       303.7406

OPENING EXTENDED SYSTEM TRAJECTORY FILE
LDB: ============= START OF LOAD BALANCING ============== 0.111174
LDB: ============== END OF LOAD BALANCING =============== 0.111238
Info: useSync: 0 useProxySync: 0
LDB: =============== DONE WITH MIGRATION ================ 0.111306
ENERGY:      25       783.8549       805.5564       145.0337        11.5109          -9072.5762       766.1571       141.4172         0.0000      2017.6506          -4401.3954       276.9580     -6419.0461     -4297.8373       270.6618

LDB: ============= START OF LOAD BALANCING ============== 0.177814
LDB: Largest compute 1 load 0.016577 is 65.8% of average load 0.025179
LDB: Average compute 0.003674 is 14.6% of average load 0.025179
LDB: Partitioning computes with target load 0.007347
LDB: Increased migratable compute count from 76 to 99
LDB: Largest unpartitionable compute is 0.000703
LDB: ============== END OF LOAD BALANCING =============== 0.177929
Info: useSync: 0 useProxySync: 0
LDB: =============== DONE WITH MIGRATION ================ 0.17816
Info: Initial time: 12 CPUs 0.00166651 s/step 0.00964413 days/ns 842.957 MB memory
ENERGY:      50      1037.1088       704.5052       153.6634        17.0357          -9362.9578       841.3691       192.2696         0.0000      2049.3733          -4367.6327       281.3125     -6417.0060     -4289.5515       271.3677

LDB: ============= START OF LOAD BALANCING ============== 0.194769
LDB: ============== END OF LOAD BALANCING =============== 0.194798
Info: useSync: 0 useProxySync: 0
LDB: =============== DONE WITH MIGRATION ================ 0.19485
ENERGY:      75       504.0159       565.1692       155.5245        22.2852          -8724.9449       899.9247       230.3718         0.0000      1962.3854          -4385.2682       269.3719     -6347.6536     -4294.3622       271.7093

LDB: ============= START OF LOAD BALANCING ============== 0.261731
LDB: Largest compute 3 load 0.007732 is 30.5% of average load 0.025334
LDB: Average compute 0.002843 is 11.2% of average load 0.025334
LDB: TIME 0.261806 LOAD: AVG 0.0253337 MAX 0.0667787  PROXIES: TOTAL 25 MAXPE 7 MAXPATCH 8 None MEM: 842.957 MB
LDB: TIME 0.261892 LOAD: AVG 0.0253337 MAX 0.0302772  PROXIES: TOTAL 42 MAXPE 7 MAXPATCH 8 TorusLB MEM: 842.957 MB
LDB: ============== END OF LOAD BALANCING =============== 0.261956
Info: useSync: 0 useProxySync: 0
LDB: =============== DONE WITH MIGRATION ================ 0.262198
Info: Initial time: 12 CPUs 0.00163753 s/step 0.00947647 days/ns 843.363 MB memory
ENERGY:     100       661.8091       689.3774       143.9203        14.7505          -9031.3583       892.7032       231.4798         0.0000      1992.5405          -4404.7776       273.5112     -6397.3181     -4316.3112       270.6115

ENERGY:     125      1084.7219       669.8683       142.4279        18.3757          -9427.0458       855.8065       207.0436         0.0000      2037.8490          -4410.9529       279.7306     -6448.8019     -4343.6867       277.2734

LDB: ============= START OF LOAD BALANCING ============== 0.304907
LDB: Largest compute 3 load 0.012261 is 34.4% of average load 0.035597
LDB: Average compute 0.003921 is 11.0% of average load 0.035597
LDB: TIME 0.304995 LOAD: AVG 0.035597 MAX 0.0422563  PROXIES: TOTAL 25 MAXPE 7 MAXPATCH 8 None MEM: 843.496 MB
LDB: TIME 0.305043 LOAD: AVG 0.035597 MAX 0.0422563  PROXIES: TOTAL 42 MAXPE 7 MAXPATCH 8 RefineTorusLB MEM: 843.496 MB
LDB: TIME 0.30507 LOAD: AVG 0.035597 MAX 0.040065  PROXIES: TOTAL 42 MAXPE 7 MAXPATCH 8 RefineTorusLB MEM: 843.496 MB
LDB: ============== END OF LOAD BALANCING =============== 0.305119
Info: useSync: 0 useProxySync: 0
LDB: =============== DONE WITH MIGRATION ================ 0.305293
Info: Initial time: 12 CPUs 0.000849669 s/step 0.00491706 days/ns 843.496 MB memory
ENERGY:     150       731.1967       608.3692       137.8108        12.8726          -9022.5579       896.0569       200.4642         0.0000      1993.8355          -4441.9520       273.6889     -6435.7876     -4356.7873       275.2473

ENERGY:     175       618.2057       659.5937       136.1274        15.4073          -8790.1495       810.2650       199.0914         0.0000      1919.0849          -4432.3743       263.4281     -6351.4592     -4369.3911       270.7263

LDB: ============= START OF LOAD BALANCING ============== 0.346969
LDB: Largest compute 136 load 0.011903 is 33.5% of average load 0.035487
LDB: Average compute 0.003910 is 11.0% of average load 0.035487
LDB: TIME 0.347049 LOAD: AVG 0.0354871 MAX 0.039646  PROXIES: TOTAL 25 MAXPE 7 MAXPATCH 8 None MEM: 843.496 MB
LDB: TIME 0.347101 LOAD: AVG 0.0354871 MAX 0.039646  PROXIES: TOTAL 42 MAXPE 7 MAXPATCH 8 RefineTorusLB MEM: 843.496 MB
LDB: TIME 0.347123 LOAD: AVG 0.0354871 MAX 0.039646  PROXIES: TOTAL 42 MAXPE 7 MAXPATCH 8 RefineTorusLB MEM: 843.496 MB
LDB: ============== END OF LOAD BALANCING =============== 0.347165
Info: useSync: 0 useProxySync: 0
LDB: =============== DONE WITH MIGRATION ================ 0.347343
Info: Benchmark time: 12 CPUs 0.000831752 s/step 0.00481338 days/ns 843.496 MB memory
ENERGY:     200       978.9129       614.7511       136.5238        12.8159          -9173.7525       778.8146       190.0353         0.0000      1988.7635          -4473.1355       272.9927     -6461.8989     -4398.6135       272.6097

ENERGY:     225       862.0840       591.1908       140.1456        15.5781          -9170.6642       881.1230       202.4828         0.0000      1979.5869          -4498.4730       271.7331     -6478.0599     -4411.2863       268.3218

Info: Benchmark time: 12 CPUs 0.000816232 s/step 0.00472356 days/ns 843.496 MB memory
TIMING: 250  CPU: 0.29593, 0.00118061/step  Wall: 0.296674, 0.00116872/step, 0.00154206 hours remaining, 843.496094 MB of memory in use.
ETITLE:      TS           BOND          ANGLE          DIHED          IMPRP               ELECT            VDW       BOUNDARY           MISC        KINETIC               TOTAL           TEMP      POTENTIAL         TOTAL3        TEMPAVG

ENERGY:     250       594.6487       646.3669       140.8136        21.0658          -8920.6370       845.6192       190.8761         0.0000      1978.4286          -4502.8180       271.5741     -6481.2466     -4422.5844       269.9827

ENERGY:     275       796.3328       618.7981       144.6137        18.0607          -9181.8528       882.3323       198.8554         0.0000      1987.7763          -4535.0835       272.8572     -6522.8598     -4445.9139       268.9889

Info: Benchmark time: 12 CPUs 0.000818718 s/step 0.00473795 days/ns 843.496 MB memory
ENERGY:     300       966.6336       574.5982       143.3148        18.8693          -9239.4005       859.5466       217.9602         0.0000      1921.2158          -4537.2621       263.7206     -6458.4778     -4461.4273       263.3831

ENERGY:     325       681.8224       627.8352       129.1070        11.0019          -9086.8228       893.6922       222.3469         0.0000      1970.8672          -4550.1500       270.5361     -6521.0172     -4471.8844       266.2700

Info: Benchmark time: 12 CPUs 0.000820479 s/step 0.00474814 days/ns 843.496 MB memory
ENERGY:     350       710.8016       615.0636       133.6008        16.9233          -9124.3586       903.7455       213.0114         0.0000      1967.2676          -4563.9448       270.0420     -6531.2124     -4490.5175       266.4162

ENERGY:     375       948.1253       612.6444       138.2831        12.9766          -9325.4499       900.1736       193.1852         0.0000      1936.9857          -4583.0760       265.8853     -6520.0616     -4514.3008       268.9005

Info: Benchmark time: 12 CPUs 0.000823887 s/step 0.00476786 days/ns 843.496 MB memory
ENERGY:     400       722.9099       617.2201       137.1500        12.5495          -9078.5964       853.9128       192.1881         0.0000      1934.0712          -4608.5946       265.4852     -6542.6659     -4524.9296       263.4830

ENERGY:     425       691.2112       613.9055       140.8379        16.9437          -8979.5341       827.4484       196.7159         0.0000      1892.1123          -4600.3592       259.7257     -6492.4715     -4537.0543       263.7758

Info: Benchmark time: 12 CPUs 0.000819043 s/step 0.00473983 days/ns 843.496 MB memory
ENERGY:     450       887.9470       647.4379       141.1503        13.6102          -9277.1719       853.5159       185.8242         0.0000      1920.1537          -4627.5327       263.5748     -6547.6864     -4557.6759       263.0458

ENERGY:     475       791.8700       640.1194       140.6921        12.6646          -9250.8145       878.5361       190.6621         0.0000      1942.6153          -4653.6550       266.6581     -6596.2703     -4572.6678       263.4424

OPENING COORDINATE DCD FILE
WRITING COORDINATES TO DCD FILE 1znj_cooling.dcd AT STEP 500
WRITING COORDINATES TO RESTART FILE AT STEP 500
FINISHED WRITING RESTART COORDINATES
The last position output (seq=500) takes 0.132 seconds, 843.660 MB of memory in use
WRITING VELOCITIES TO RESTART FILE AT STEP 500
FINISHED WRITING RESTART VELOCITIES
The last velocity output (seq=500) takes 0.127 seconds, 843.660 MB of memory in use
TIMING: 500  CPU: 0.501174, 0.000820976/step  Wall: 0.760546, 0.00185549/step, 0.00231936 hours remaining, 843.660156 MB of memory in use.
ETITLE:      TS           BOND          ANGLE          DIHED          IMPRP               ELECT            VDW       BOUNDARY           MISC        KINETIC               TOTAL           TEMP      POTENTIAL         TOTAL3        TEMPAVG

ENERGY:     500       681.9863       619.2914       130.6029        13.1824          -9057.6818       868.5328       183.7627         0.0000      1909.1928          -4651.1305       262.0702     -6560.3233     -4583.9022       263.1481

WRITING EXTENDED SYSTEM TO RESTART FILE AT STEP 500
ENERGY:     525       788.7556       610.0820       137.9440        13.4449          -9096.9978       828.2667       192.2936         0.0000      1850.9556          -4675.2554       254.0762     -6526.2110     -4601.7167       260.5791

ENERGY:     550       856.7439       603.9465       137.8746        15.8036          -9245.5378       834.1609       190.3886         0.0000      1916.2748          -4690.3450       263.0424     -6606.6198     -4616.0727       258.5260

ENERGY:     575       746.6158       648.1540       140.3660        15.8937          -9127.1332       849.9126       193.1329         0.0000      1836.0876          -4696.9706       252.0353     -6533.0582     -4628.7225       256.1670

ENERGY:     600       727.6249       630.4726       137.1670        16.5101          -9097.9653       834.9632       193.6830         0.0000      1845.7356          -4711.8088       253.3596     -6557.5444     -4641.0356       255.4264

ENERGY:     625       845.2195       596.8077       137.5387        17.9097          -9210.7645       853.0717       185.9592         0.0000      1851.4628          -4722.7952       254.1458     -6574.2579     -4654.5463       253.2119

ENERGY:     650       804.2487       616.2392       145.9411        16.7031          -9148.4752       840.0011       174.0994         0.0000      1814.6246          -4736.6180       249.0891     -6551.2426     -4667.5503       253.6246

ENERGY:     675       716.6900       627.9484       132.8913        15.4985          -9124.7255       843.8490       185.9669         0.0000      1851.0219          -4750.8595       254.0853     -6601.8815     -4680.1754       254.9411

ENERGY:     700       807.6947       594.8000       136.2252        12.5753          -9274.5027       936.5287       197.5080         0.0000      1832.4279          -4756.7430       251.5329     -6589.1709     -4692.7318       252.9758

ENERGY:     725       850.3233       578.0909       137.1090        17.6778          -9209.1638       839.7963       182.8885         0.0000      1833.0055          -4770.2725       251.6122     -6603.2781     -4705.0092       253.4727

TIMING: 750  CPU: 0.706413, 0.000820956/step  Wall: 1.09121, 0.00132264/step, 0.00156145 hours remaining, 843.660156 MB of memory in use.
ETITLE:      TS           BOND          ANGLE          DIHED          IMPRP               ELECT            VDW       BOUNDARY           MISC        KINETIC               TOTAL           TEMP      POTENTIAL         TOTAL3        TEMPAVG

ENERGY:     750       701.4388       643.8429       134.5904        12.0741          -9105.6575       761.2666       179.9914         0.0000      1882.5449          -4789.9084       258.4124     -6672.4534     -4715.8819       252.8543

ENERGY:     775       731.5556       624.2447       122.3331        16.6963          -9151.1567       819.6153       189.4508         0.0000      1844.7721          -4802.4887       253.2274     -6647.2608     -4729.8226       250.8097

ENERGY:     800       843.4725       590.5699       131.9728        18.0500          -9320.1486       872.3806       191.7655         0.0000      1860.9132          -4811.0241       255.4430     -6671.9373     -4743.2518       253.7345

ENERGY:     825       771.7811       596.5898       138.6879        16.2871          -9225.6841       837.6152       192.7026         0.0000      1847.5148          -4824.5058       253.6039     -6672.0206     -4753.9699       250.3931

ENERGY:     850       718.0738       663.3287       133.1631        12.2375          -9197.4433       823.9158       191.3759         0.0000      1821.9818          -4833.3667       250.0990     -6655.3486     -4765.1075       249.2245

ENERGY:     875       760.3119       584.8175       134.7568        16.6677          -9193.6733       820.1817       183.3161         0.0000      1844.2455          -4849.3762       253.1551     -6693.6217     -4777.8647       250.5212

ENERGY:     900       824.8388       600.6873       141.5165        17.9648          -9300.7734       850.7179       183.4359         0.0000      1823.5379          -4858.0744       250.3126     -6681.6122     -4789.8796       249.5222

ENERGY:     925       721.6600       617.7572       144.0169        11.6010          -9275.3620       882.7638       178.7964         0.0000      1843.7758          -4874.9910       253.0906     -6718.7667     -4798.7649       249.8448

ENERGY:     950       727.6378       586.4571       136.1944        11.0924          -9232.4478       888.0084       185.0406         0.0000      1814.4211          -4883.5959       249.0612     -6698.0170     -4809.5706       249.7532

ENERGY:     975       817.0105       586.1829       131.8697        11.3302          -9324.1875       888.0978       186.6870         0.0000      1811.7794          -4891.2298       248.6986     -6703.0093     -4822.7952       246.0540

TIMING: 1000  CPU: 0.916343, 0.00083972/step  Wall: 1.30155, 0.000841381/step, 0.000934868 hours remaining, 843.660156 MB of memory in use.
ETITLE:      TS           BOND          ANGLE          DIHED          IMPRP               ELECT            VDW       BOUNDARY           MISC        KINETIC               TOTAL           TEMP      POTENTIAL         TOTAL3        TEMPAVG

ENERGY:    1000       749.2879       624.1662       140.1127        14.4963          -9329.5402       884.8976       184.4605         0.0000      1826.2665          -4905.8526       250.6872     -6732.1191     -4832.1246       249.3576

WRITING EXTENDED SYSTEM TO RESTART FILE AT STEP 1000
WRITING COORDINATES TO DCD FILE 1znj_cooling.dcd AT STEP 1000
WRITING COORDINATES TO RESTART FILE AT STEP 1000
FINISHED WRITING RESTART COORDINATES
The last position output (seq=1000) takes 0.124 seconds, 843.660 MB of memory in use
WRITING VELOCITIES TO RESTART FILE AT STEP 1000
FINISHED WRITING RESTART VELOCITIES
The last velocity output (seq=1000) takes 0.128 seconds, 843.660 MB of memory in use
ENERGY:    1025       710.0183       575.5902       145.2002        17.0561          -9273.3298       945.3033       193.2524         0.0000      1776.0384          -4910.8709       243.7925     -6686.9093     -4842.6918       246.4778

ENERGY:    1050       785.1128       588.3282       133.6093        15.5884          -9287.3694       869.2818       178.8827         0.0000      1794.1575          -4922.4088       246.2796     -6716.5663     -4854.4344       244.2508

ENERGY:    1075       801.3231       635.9588       128.7049        12.4996          -9318.1901       851.4332       189.2390         0.0000      1768.0181          -4931.0134       242.6915     -6699.0316     -4864.4877       245.5501

ENERGY:    1100       737.1100       604.5364       142.6388        16.7101          -9259.0811       872.3789       198.8456         0.0000      1751.9001          -4934.9612       240.4791     -6686.8613     -4871.8739       242.9507

ENERGY:    1125       724.3583       567.1024       136.1724        15.8857          -9189.0885       840.7575       186.7346         0.0000      1770.6057          -4947.4717       243.0467     -6718.0774     -4881.1053       243.5314

ENERGY:    1150       786.0278       621.2921       144.3693        14.8666          -9256.7831       797.5296       188.7091         0.0000      1746.6218          -4957.3667       239.7545     -6703.9885     -4893.2054       240.2110

ENERGY:    1175       725.2126       617.4348       140.1357        11.8578          -9199.2685       789.9039       188.7321         0.0000      1754.7276          -4971.2640       240.8672     -6725.9916     -4901.9423       239.5421

ENERGY:    1200       706.1014       567.2248       134.1939        13.1418          -9224.6777       864.6489       184.2264         0.0000      1779.2771          -4975.8635       244.2370     -6755.1406     -4911.3316       241.9958

ENERGY:    1225       797.0857       630.6261       133.6478        12.0416          -9382.5945       911.3845       179.8198         0.0000      1736.0684          -4981.9207       238.3059     -6717.9890     -4921.8040       240.7124

TIMING: 1250  CPU: 1.1219, 0.00082222/step  Wall: 1.87455, 0.00229199/step, 0.00238749 hours remaining, 843.660156 MB of memory in use.
ETITLE:      TS           BOND          ANGLE          DIHED          IMPRP               ELECT            VDW       BOUNDARY           MISC        KINETIC               TOTAL           TEMP      POTENTIAL         TOTAL3        TEMPAVG

ENERGY:    1250       731.1096       582.5389       140.3890        16.5052          -9287.0724       865.1760       185.7815         0.0000      1763.8166          -5001.7555       242.1148     -6765.5722     -4929.8863       241.2488

ENERGY:    1275       714.7956       582.0730       141.6026        14.7817          -9242.9445       875.5564       183.8102         0.0000      1726.2222          -5004.1028       236.9543     -6730.3250     -4936.9624       240.3714

ENERGY:    1300       740.9734       605.6428       134.4591        17.9871          -9387.5271       923.0569       181.6901         0.0000      1771.3632          -5012.3545       243.1507     -6783.7177     -4947.9242       240.6514

ENERGY:    1325       792.5723       614.3411       133.5463         8.9032          -9374.8484       870.0135       176.8274         0.0000      1758.6907          -5019.9538       241.4112     -6778.6444     -4957.8266       239.8449

ENERGY:    1350       742.2980       588.1921       125.8656        13.0865          -9221.7389       837.0065       182.7793         0.0000      1708.1994          -5024.3116       234.4804     -6732.5110     -4964.3668       236.6495

ENERGY:    1375       722.1594       598.0039       133.3855        11.4778          -9307.6204       888.6412       197.0310         0.0000      1722.1459          -5034.7757       236.3948     -6756.9215     -4971.5662       237.3684

ENERGY:    1400       782.2645       598.2706       131.5845        11.6567          -9385.9919       875.2701       195.9997         0.0000      1751.1047          -5039.8412       240.3699     -6790.9459     -4981.9867       239.0117

ENERGY:    1425       729.1409       587.5712       144.8265        16.4230          -9321.4488       850.3721       201.0932         0.0000      1733.8832          -5058.1387       238.0059     -6792.0219     -4991.1184       239.4396

ENERGY:    1450       713.9503       610.8888       134.8936        12.8825          -9272.8329       808.8602       195.5636         0.0000      1731.8207          -5063.9733       237.7228     -6795.7940     -4999.8497       240.4044

ENERGY:    1475       756.0009       567.8393       139.3180        14.6558          -9348.0084       878.5826       186.6253         0.0000      1729.0057          -5075.9809       237.3364     -6804.9866     -5007.8684       237.2213

TIMING: 1500  CPU: 1.32935, 0.000829808/step  Wall: 2.08253, 0.000831925/step, 0.000808816 hours remaining, 843.660156 MB of memory in use.
ETITLE:      TS           BOND          ANGLE          DIHED          IMPRP               ELECT            VDW       BOUNDARY           MISC        KINETIC               TOTAL           TEMP      POTENTIAL         TOTAL3        TEMPAVG

ENERGY:    1500       760.2393       587.5608       131.9513        15.4673          -9395.5670       912.3106       181.9365         0.0000      1723.3790          -5082.7223       236.5640     -6806.1013     -5015.5578       236.7970

WRITING EXTENDED SYSTEM TO RESTART FILE AT STEP 1500
WRITING COORDINATES TO DCD FILE 1znj_cooling.dcd AT STEP 1500
WRITING COORDINATES TO RESTART FILE AT STEP 1500
FINISHED WRITING RESTART COORDINATES
The last position output (seq=1500) takes 0.144 seconds, 843.660 MB of memory in use
WRITING VELOCITIES TO RESTART FILE AT STEP 1500
FINISHED WRITING RESTART VELOCITIES
The last velocity output (seq=1500) takes 0.144 seconds, 843.660 MB of memory in use
ENERGY:    1525       746.3677       594.9523       133.4555        13.8314          -9368.5078       857.9739       186.6595         0.0000      1753.6367          -5081.6307       240.7174     -6835.2675     -5023.3785       237.9330

ENERGY:    1550       744.1890       572.3292       135.7659        16.4070          -9378.7052       907.6110       184.3301         0.0000      1719.2559          -5098.8171       235.9981     -6818.0730     -5031.6715       236.5948

ENERGY:    1575       770.0808       595.1927       131.2273        13.3507          -9440.5727       901.4903       181.3634         0.0000      1739.7239          -5108.1436       238.8077     -6847.8675     -5040.0370       236.7437

ENERGY:    1600       738.1054       609.3563       135.5064        20.7397          -9341.9522       871.7617       184.0161         0.0000      1674.3115          -5108.1551       229.8287     -6782.4666     -5046.6776       235.6439

ENERGY:    1625       725.5427       578.8680       127.4777        13.9637          -9394.2676       884.9468       186.8087         0.0000      1754.7767          -5121.8833       240.8739     -6876.6600     -5056.2152       234.1377

ENERGY:    1650       780.3140       577.9801       137.6880        12.5808          -9414.9773       879.0921       203.2711         0.0000      1698.4940          -5125.5571       233.1481     -6824.0511     -5064.5876       236.8085

ENERGY:    1675       772.5839       596.6449       130.5747        12.5300          -9482.8389       966.6287       198.9143         0.0000      1675.3144          -5129.6479       229.9663     -6804.9624     -5071.5316       232.6064

ENERGY:    1700       715.1986       606.0649       127.7934         9.9377          -9341.4779       882.8095       201.3289         0.0000      1660.1678          -5138.1771       227.8872     -6798.3449     -5077.2934       230.2486

ENERGY:    1725       769.3493       575.6731       134.5876        14.8864          -9460.9730       892.6638       193.2448         0.0000      1731.6430          -5148.9250       237.6984     -6880.5679     -5085.3426       234.5617

TIMING: 1750  CPU: 1.53689, 0.000830168/step  Wall: 2.72177, 0.00255696/step, 0.00230836 hours remaining, 843.660156 MB of memory in use.
ETITLE:      TS           BOND          ANGLE          DIHED          IMPRP               ELECT            VDW       BOUNDARY           MISC        KINETIC               TOTAL           TEMP      POTENTIAL         TOTAL3        TEMPAVG

ENERGY:    1750       790.8767       566.2971       132.4613        10.4063          -9505.6483       977.7725       186.5221         0.0000      1686.5816          -5154.7307       231.5130     -6841.3123     -5093.1899       237.0049

ENERGY:    1775       745.1596       597.3466       131.3730        10.4146          -9440.7791       902.5009       183.7666         0.0000      1707.0493          -5163.1685       234.3225     -6870.2178     -5100.3272       233.9173

ENERGY:    1800       754.8953       608.8986       139.5764        12.7260          -9442.4401       881.6366       187.2209         0.0000      1692.2310          -5165.2556       232.2884     -6857.4866     -5108.6626       234.1928

ENERGY:    1825       794.3783       568.7316       133.4815        10.8947          -9514.2844       944.8760       192.9263         0.0000      1694.3589          -5174.6371       232.5805     -6868.9959     -5116.3953       232.9432

ENERGY:    1850       765.8231       577.6973       131.6861        12.7152          -9500.3950       944.6835       205.2190         0.0000      1675.2595          -5187.3111       229.9588     -6862.5706     -5122.4601       232.9517

ENERGY:    1875       724.0018       611.2934       137.0838         8.9221          -9509.2798       952.8241       208.5935         0.0000      1673.0051          -5193.5560       229.6493     -6866.5611     -5128.0874       230.0290

ENERGY:    1900       754.0461       542.2841       134.1818        12.0816          -9473.5330       929.6865       194.4247         0.0000      1696.1956          -5210.6326       232.8326     -6906.8282     -5136.1629       230.4185

ENERGY:    1925       752.5881       597.3016       133.8130        14.5399          -9520.9911       936.8933       190.3888         0.0000      1684.9026          -5210.5638       231.2825     -6895.4665     -5141.7425       229.8365

ENERGY:    1950       720.7990       635.3917       135.6899        12.2706          -9550.8928       970.5296       196.0947         0.0000      1667.3024          -5212.8150       228.8665     -6880.1174     -5147.8392       231.2555

ENERGY:    1975       769.0608       601.7395       133.0527        10.7932          -9530.6230       931.3203       189.9064         0.0000      1682.2214          -5212.5286       230.9144     -6894.7501     -5155.8101       231.3867

TIMING: 2000  CPU: 1.74109, 0.000816804/step  Wall: 2.93228, 0.000842048/step, 0.000701707 hours remaining, 843.660156 MB of memory in use.
ETITLE:      TS           BOND          ANGLE          DIHED          IMPRP               ELECT            VDW       BOUNDARY           MISC        KINETIC               TOTAL           TEMP      POTENTIAL         TOTAL3        TEMPAVG

ENERGY:    2000       808.6605       587.6052       134.2968        14.2391          -9562.8888       921.1007       195.2347         0.0000      1682.6391          -5219.1127       230.9718     -6901.7518     -5161.7806       230.5916

WRITING EXTENDED SYSTEM TO RESTART FILE AT STEP 2000
WRITING COORDINATES TO DCD FILE 1znj_cooling.dcd AT STEP 2000
WRITING COORDINATES TO RESTART FILE AT STEP 2000
FINISHED WRITING RESTART COORDINATES
The last position output (seq=2000) takes 0.144 seconds, 843.660 MB of memory in use
WRITING VELOCITIES TO RESTART FILE AT STEP 2000
FINISHED WRITING RESTART VELOCITIES
The last velocity output (seq=2000) takes 0.144 seconds, 843.660 MB of memory in use
ENERGY:    2025       733.4860       615.2660       139.7172        13.6171          -9539.2622       935.0638       197.1540         0.0000      1671.0645          -5233.8937       229.3829     -6904.9581     -5170.0817       228.9764

ENERGY:    2050       727.4916       585.1535       131.1569        15.8922          -9499.4254       919.7671       196.6448         0.0000      1679.6851          -5243.6342       230.5663     -6923.3193     -5175.6289       228.8319

ENERGY:    2075       774.8149       571.8418       130.2264        14.7498          -9535.0008       923.3701       193.8403         0.0000      1679.6893          -5246.4682       230.5669     -6926.1575     -5182.2583       227.9171

ENERGY:    2100       761.8712       614.0506       129.6839        12.0548          -9598.7490       957.6120       200.9908         0.0000      1667.3582          -5255.1275       228.8742     -6922.4857     -5187.0731       229.6887

ENERGY:    2125       723.8502       571.1107       132.0521        15.8940          -9509.4676       913.1270       202.7353         0.0000      1695.7403          -5254.9579       232.7701     -6950.6982     -5192.2991       228.5589

LDB: ============= START OF LOAD BALANCING ============== 3.57994
LDB: ============== END OF LOAD BALANCING =============== 3.57999
Info: useSync: 0 useProxySync: 0
LDB: =============== DONE WITH MIGRATION ================ 3.58007
ENERGY:    2150       757.6139       618.1909       135.9405         9.9910          -9593.6796       958.0179       195.9774         0.0000      1651.6643          -5266.2837       226.7199     -6917.9480     -5200.4849       231.7114

ENERGY:    2175       751.5236       606.7688       132.2757        15.2051          -9532.9445       874.5893       186.6821         0.0000      1693.3415          -5272.5583       232.4409     -6965.8998     -5207.3964       229.8069

LDB: ============= START OF LOAD BALANCING ============== 3.62137
LDB: Largest compute 3 load 0.012260 is 34.3% of average load 0.035761
LDB: Average compute 0.003946 is 11.0% of average load 0.035761
LDB: TIME 3.62147 LOAD: AVG 0.0357607 MAX 0.0404725  PROXIES: TOTAL 25 MAXPE 7 MAXPATCH 8 None MEM: 843.66 MB
LDB: TIME 3.62153 LOAD: AVG 0.0357607 MAX 0.0404725  PROXIES: TOTAL 42 MAXPE 7 MAXPATCH 8 RefineTorusLB MEM: 843.66 MB
LDB: TIME 3.62156 LOAD: AVG 0.0357607 MAX 0.040148  PROXIES: TOTAL 42 MAXPE 7 MAXPATCH 8 RefineTorusLB MEM: 843.66 MB
LDB: ============== END OF LOAD BALANCING =============== 3.6216
Info: useSync: 0 useProxySync: 0
LDB: =============== DONE WITH MIGRATION ================ 3.62177
ENERGY:    2200       746.6508       586.2855       132.2566        10.2366          -9429.1387       865.9306       180.3380         0.0000      1638.1347          -5269.3059       224.8628     -6907.4406     -5213.1101       225.5093

ENERGY:    2225       719.4668       579.1703       133.3425        17.1940          -9469.5280       889.5574       183.6421         0.0000      1655.8021          -5291.3529       227.2879     -6947.1550     -5219.5076       226.1139

TIMING: 2250  CPU: 1.95482, 0.000854904/step  Wall: 3.58624, 0.00261584/step, 0.00199821 hours remaining, 843.660156 MB of memory in use.
ETITLE:      TS           BOND          ANGLE          DIHED          IMPRP               ELECT            VDW       BOUNDARY           MISC        KINETIC               TOTAL           TEMP      POTENTIAL         TOTAL3        TEMPAVG

ENERGY:    2250       754.3237       614.7798       134.7327        13.5541          -9566.3324       916.2362       191.4976         0.0000      1652.5331          -5288.6751       226.8392     -6941.2082     -5224.6924       226.8142

ENERGY:    2275       759.7638       585.6264       140.0033        11.1766          -9608.6152       963.2150       199.2038         0.0000      1656.6692          -5292.9572       227.4069     -6949.6264     -5230.9916       228.2670

ENERGY:    2300       727.8933       584.7143       132.8934         9.3517          -9535.8841       945.7691       191.8981         0.0000      1640.7215          -5302.6427       225.2178     -6943.3642     -5235.7173       226.9900

ENERGY:    2325       739.4381       565.0343       142.6348        11.1042          -9525.8328       928.6932       191.1717         0.0000      1641.0462          -5306.7103       225.2624     -6947.7565     -5242.3645       224.8845

ENERGY:    2350       773.4110       605.3796       130.7814        13.9507          -9550.1887       891.1772       193.5553         0.0000      1629.7581          -5312.1754       223.7129     -6941.9335     -5248.3387       224.3190

ENERGY:    2375       749.3410       587.2931       133.6355        12.2723          -9530.8370       889.5991       184.6550         0.0000      1658.0174          -5316.0235       227.5920     -6974.0409     -5251.8097       224.8466

ENERGY:    2400       739.9309       581.7223       126.9148        13.1240          -9512.7173       917.0065       188.7515         0.0000      1622.5889          -5322.6785       222.7288     -6945.2674     -5257.2628       225.5129

ENERGY:    2425       750.9059       577.8034       137.8720        16.6625          -9597.1265       944.5307       202.5278         0.0000      1636.6391          -5330.1851       224.6575     -6966.8242     -5261.0490       223.2551

ENERGY:    2450       747.8691       606.3938       139.1304        17.2111          -9606.0500       935.5125       199.1778         0.0000      1630.8897          -5329.8656       223.8683     -6960.7553     -5267.5770       223.4732

ENERGY:    2475       735.0484       606.9785       142.3699        12.1194          -9604.7929       968.1407       202.2140         0.0000      1603.8991          -5334.0228       220.1633     -6937.9220     -5273.0803       224.8207

TIMING: 2500  CPU: 2.16074, 0.000823696/step  Wall: 3.79335, 0.000828442/step, 0.000575307 hours remaining, 843.660156 MB of memory in use.
ETITLE:      TS           BOND          ANGLE          DIHED          IMPRP               ELECT            VDW       BOUNDARY           MISC        KINETIC               TOTAL           TEMP      POTENTIAL         TOTAL3        TEMPAVG

ENERGY:    2500       734.0877       563.2244       139.6322        17.0368          -9623.0191       976.9225       195.4006         0.0000      1652.6151          -5344.0998       226.8504     -6996.7149     -5279.3201       226.1330

WRITING EXTENDED SYSTEM TO RESTART FILE AT STEP 2500
WRITING COORDINATES TO DCD FILE 1znj_cooling.dcd AT STEP 2500
WRITING COORDINATES TO RESTART FILE AT STEP 2500
FINISHED WRITING RESTART COORDINATES
The last position output (seq=2500) takes 0.540 seconds, 843.660 MB of memory in use
WRITING VELOCITIES TO RESTART FILE AT STEP 2500
FINISHED WRITING RESTART VELOCITIES
The last velocity output (seq=2500) takes 0.868 seconds, 843.660 MB of memory in use
ENERGY:    2525       774.2177       589.9725       132.5297        19.0231          -9621.1663       942.8591       193.7832         0.0000      1621.1967          -5347.5842       222.5377     -6968.7809     -5286.1882       224.9969

ENERGY:    2550       746.1978       599.9086       127.9596         9.6730          -9532.2357       894.8013       195.1155         0.0000      1614.9271          -5343.6529       221.6771     -6958.5799     -5288.8253       223.5206

ENERGY:    2575       714.2585       578.6998       137.6711        13.7799          -9513.0189       917.5586       194.3200         0.0000      1599.5965          -5357.1345       219.5727     -6956.7309     -5295.1678       222.8543

ENERGY:    2600       783.8394       602.1514       130.0303        12.2897          -9607.7319       934.6034       188.8417         0.0000      1591.9228          -5364.0531       218.5194     -6955.9759     -5301.3893       223.0175

ENERGY:    2625       754.1121       598.3900       138.7006        12.2231          -9579.1776       927.1172       188.6832         0.0000      1592.9160          -5367.0355       218.6557     -6959.9515     -5304.5448       221.8915

ENERGY:    2650       716.0022       607.3578       138.8748         9.5721          -9548.1619       924.5500       193.0137         0.0000      1586.3971          -5372.3942       217.7609     -6958.7913     -5308.7551       219.9416

ENERGY:    2675       757.3369       610.9872       130.9834        12.0297          -9587.1852       879.1980       190.3725         0.0000      1629.8961          -5376.3813       223.7319     -7006.2774     -5314.1450       221.2239

ENERGY:    2700       774.0384       547.0089       139.7879        11.4803          -9574.8222       907.6116       190.0395         0.0000      1621.7003          -5383.1552       222.6068     -7004.8555     -5320.4000       220.4774

ENERGY:    2725       704.5422       557.9854       135.7105        13.3867          -9534.6908       888.4546       188.3808         0.0000      1654.8202          -5391.4105       227.1531     -7046.2307     -5323.8608       222.1475

TIMING: 2750  CPU: 2.36928, 0.000834152/step  Wall: 5.5534, 0.0070402/step, 0.00440012 hours remaining, 843.660156 MB of memory in use.
ETITLE:      TS           BOND          ANGLE          DIHED          IMPRP               ELECT            VDW       BOUNDARY           MISC        KINETIC               TOTAL           TEMP      POTENTIAL         TOTAL3        TEMPAVG

ENERGY:    2750       752.8415       598.6955       132.8893        10.2367          -9633.1217       901.4392       185.9199         0.0000      1654.5342          -5396.5654       227.1139     -7051.0996     -5329.1614       224.4502

ENERGY:    2775       786.8118       542.5867       136.9895        10.3273          -9604.7740       920.9942       189.8567         0.0000      1617.1649          -5400.0429       221.9843     -7017.2078     -5334.0907       223.1386

ENERGY:    2800       737.2105       568.8368       134.3049        10.7893          -9575.5095       926.7240       188.4284         0.0000      1608.2469          -5400.9687       220.7601     -7009.2155     -5337.0121       218.7736

ENERGY:    2825       750.9613       609.2133       137.5269        10.9903          -9619.6610       932.0192       186.1268         0.0000      1592.8391          -5399.9842       218.6451     -6992.8233     -5342.0006       219.2420

ENERGY:    2850       805.3084       575.7772       142.1959        13.8404          -9665.2415       960.6267       181.1656         0.0000      1584.9208          -5401.4066       217.5582     -6986.3274     -5346.6985       218.3942

ENERGY:    2875       746.6637       578.3852       129.0787        12.9505          -9593.9631       923.9021       196.8182         0.0000      1594.5678          -5411.5969       218.8824     -7006.1647     -5350.9907       221.9680

ENERGY:    2900       744.8746       594.5886       132.9639        13.8778          -9693.6867       966.0657       193.8874         0.0000      1628.7955          -5418.6333       223.5808     -7047.4287     -5354.6768       218.6732

ENERGY:    2925       743.4123       610.4558       127.9190        13.0639          -9664.7287       922.1758       192.2430         0.0000      1632.9332          -5422.5255       224.1488     -7055.4588     -5360.2132       223.1353

ENERGY:    2950       766.8622       573.1281       125.8419        16.5256          -9717.1071      1028.8993       191.0222         0.0000      1589.5317          -5425.2961       218.1911     -7014.8278     -5366.2918       222.4685

ENERGY:    2975       735.9582       592.7303       135.6725        13.7668          -9682.0299       987.4850       190.5281         0.0000      1593.1744          -5432.7145       218.6912     -7025.8889     -5371.2111       221.0250

WRITING COORDINATES TO DCD FILE 1znj_cooling.dcd AT STEP 3000
WRITING COORDINATES TO RESTART FILE AT STEP 3000
FINISHED WRITING RESTART COORDINATES
The last position output (seq=3000) takes 0.142 seconds, 843.660 MB of memory in use
WRITING VELOCITIES TO RESTART FILE AT STEP 3000
FINISHED WRITING RESTART VELOCITIES
TIMING: 3000  CPU: 2.58288, 0.000854412/step  Wall: 6.05256, 0.00199662/step, 0.00110923 hours remaining, 843.660156 MB of memory in use.
ETITLE:      TS           BOND          ANGLE          DIHED          IMPRP               ELECT            VDW       BOUNDARY           MISC        KINETIC               TOTAL           TEMP      POTENTIAL         TOTAL3        TEMPAVG

ENERGY:    3000       710.4546       578.3927       136.9837        10.9828          -9627.7129       938.8037       186.2457         0.0000      1618.3446          -5447.5050       222.1462     -7065.8496     -5375.2740       219.8634

WRITING EXTENDED SYSTEM TO RESTART FILE AT STEP 3000
ENERGY:    3025       791.2944       557.7943       134.8348        11.1632          -9642.3174       923.7939       188.9593         0.0000      1596.1647          -5438.3128       219.1016     -7034.4775     -5379.5530       216.6136

ENERGY:    3050       759.7023       573.7142       131.6101        10.8445          -9635.6628       938.0431       182.1999         0.0000      1594.2593          -5445.2895       218.8401     -7039.5487     -5382.2020       219.8481

ENERGY:    3075       703.5266       587.2442       135.2362        12.6611          -9653.9685       945.7617       185.9595         0.0000      1627.7298          -5455.8493       223.4345     -7083.5792     -5386.0470       218.6110

ENERGY:    3100       762.6586       567.1000       136.0275        13.6580          -9655.8705       969.8810       186.9842         0.0000      1567.1694          -5452.3917       215.1215     -7019.5611     -5389.8648       219.0738

ENERGY:    3125       733.7954       572.1397       131.8016        15.1126          -9703.7094       966.7865       192.3093         0.0000      1627.9764          -5463.7880       223.4683     -7091.7644     -5394.8262       219.1908

ENERGY:    3150       726.7894       604.9340       130.8144        11.6882          -9644.4768       940.6042       197.7110         0.0000      1568.2206          -5463.7149       215.2658     -7031.9355     -5399.2122       217.9523

ENERGY:    3175       718.5550       553.8550       128.4107        10.5749          -9616.5062       943.1332       185.6515         0.0000      1605.5052          -5470.8208       220.3838     -7076.3260     -5402.4416       216.4934

ENERGY:    3200       760.9856       578.0534       129.0530        13.4535          -9640.5646       917.7207       190.0016         0.0000      1583.3873          -5467.9094       217.3477     -7051.2967     -5406.2754       216.8835

ENERGY:    3225       739.4187       574.1977       132.0376        11.5151          -9587.8790       912.5851       183.4770         0.0000      1564.7963          -5469.8514       214.7958     -7034.6477     -5409.9465       216.6816

TIMING: 3250  CPU: 2.79421, 0.000845296/step  Wall: 6.40286, 0.00140122/step, 0.000681147 hours remaining, 843.660156 MB of memory in use.
ETITLE:      TS           BOND          ANGLE          DIHED          IMPRP               ELECT            VDW       BOUNDARY           MISC        KINETIC               TOTAL           TEMP      POTENTIAL         TOTAL3        TEMPAVG

ENERGY:    3250       725.2573       568.4110       135.4451         9.5225          -9585.7796       910.4509       188.2627         0.0000      1572.2885          -5476.1415       215.8242     -7048.4300     -5413.4195       217.7827

ENERGY:    3275       772.9135       570.0914       129.7722        14.1912          -9640.3921       910.8058       193.9901         0.0000      1573.2177          -5475.4102       215.9518     -7048.6279     -5418.1714       215.7141

ENERGY:    3300       775.0965       561.8882       128.1256         9.8343          -9615.5349       910.1390       185.4154         0.0000      1564.8416          -5480.1942       214.8020     -7045.0358     -5420.2335       214.8218

ENERGY:    3325       682.5792       573.3940       134.6856        12.8602          -9533.9880       897.4013       188.5109         0.0000      1552.8797          -5491.6772       213.1600     -7044.5569     -5424.8978       215.3391

ENERGY:    3350       734.1772       589.6426       129.1494        12.8704          -9583.5455       871.3240       184.4535         0.0000      1573.8417          -5488.0867       216.0374     -7061.9283     -5427.5406       213.8752

ENERGY:    3375       770.9500       608.6041       132.2540        12.1063          -9636.3866       896.6693       184.8881         0.0000      1540.4818          -5490.4329       211.4582     -7030.9147     -5430.8509       211.7862

ENERGY:    3400       702.1412       556.1870       135.8993         9.3333          -9519.1181       868.0996       184.8885         0.0000      1567.8957          -5494.6736       215.2212     -7062.5693     -5432.3084       213.0399

ENERGY:    3425       725.3147       566.9851       133.8671         9.8636          -9600.9512       910.7936       186.4153         0.0000      1571.7732          -5495.9388       215.7535     -7067.7120     -5435.4432       214.7863

ENERGY:    3450       754.8057       608.8192       129.2280        14.1736          -9717.7263       935.6561       190.3609         0.0000      1581.1240          -5503.5589       217.0370     -7084.6829     -5439.1988       214.3191

ENERGY:    3475       715.8990       590.4790       131.1450        11.7349          -9696.3116       975.0213       195.9801         0.0000      1571.9398          -5504.1124       215.7764     -7076.0522     -5441.7886       217.0654

WRITING COORDINATES TO DCD FILE 1znj_cooling.dcd AT STEP 3500
WRITING COORDINATES TO RESTART FILE AT STEP 3500
FINISHED WRITING RESTART COORDINATES
The last position output (seq=3500) takes 0.142 seconds, 843.660 MB of memory in use
WRITING VELOCITIES TO RESTART FILE AT STEP 3500
FINISHED WRITING RESTART VELOCITIES
TIMING: 3500  CPU: 3.01213, 0.000871676/step  Wall: 6.92052, 0.00207066/step, 0.000862773 hours remaining, 843.660156 MB of memory in use.
ETITLE:      TS           BOND          ANGLE          DIHED          IMPRP               ELECT            VDW       BOUNDARY           MISC        KINETIC               TOTAL           TEMP      POTENTIAL         TOTAL3        TEMPAVG

ENERGY:    3500       708.8292       583.4529       134.5716        12.5359          -9677.5305       934.7928       202.2904         0.0000      1594.6710          -5506.3866       218.8966     -7101.0577     -5446.8217       216.4120

WRITING EXTENDED SYSTEM TO RESTART FILE AT STEP 3500
ENERGY:    3525       743.2064       560.6902       129.0601        10.9627          -9660.6080       924.3160       192.3039         0.0000      1585.6499          -5514.4189       217.6583     -7100.0688     -5450.5309       216.5248

ENERGY:    3550       733.4311       595.8529       139.1151        11.2589          -9740.5585       959.6713       185.3061         0.0000      1603.5564          -5512.3667       220.1163     -7115.9231     -5454.4128       216.8252

ENERGY:    3575       753.0703       608.6282       130.3285         9.7136          -9774.9111       999.9052       180.2711         0.0000      1580.4676          -5512.5267       216.9469     -7092.9943     -5457.5986       219.6218

ENERGY:    3600       730.1336       599.6362       131.3056        13.5317          -9713.8601       947.7142       187.6745         0.0000      1582.4421          -5521.4222       217.2180     -7103.8643     -5461.1390       218.0914

ENERGY:    3625       760.5338       544.3910       138.3007        15.8829          -9581.1140       884.7763       187.2812         0.0000      1527.2660          -5522.6822       209.6441     -7049.9482     -5466.0905       214.7020

ENERGY:    3650       728.0646       567.6611       131.4193        11.5619          -9623.5340       916.3123       191.6108         0.0000      1547.9602          -5528.9438       212.4847     -7076.9040     -5467.0442       211.3635

ENERGY:    3675       748.7028       572.7983       133.7074        11.5350          -9635.9825       892.8610       207.4189         0.0000      1540.3051          -5528.6540       211.4339     -7068.9591     -5470.2085       212.6266

ENERGY:    3700       744.1865       549.3603       140.7595         8.2778          -9717.5476      1001.9000       200.1879         0.0000      1542.7213          -5530.1544       211.7656     -7072.8757     -5472.7154       212.6458

ENERGY:    3725       727.6211       531.8160       137.3537        15.6663          -9684.4152       958.7066       188.8418         0.0000      1584.9230          -5539.4867       217.5585     -7124.4097     -5475.4518       214.6981

TIMING: 3750  CPU: 3.21965, 0.000830096/step  Wall: 7.26605, 0.00138209/step, 0.000479893 hours remaining, 843.660156 MB of memory in use.
ETITLE:      TS           BOND          ANGLE          DIHED          IMPRP               ELECT            VDW       BOUNDARY           MISC        KINETIC               TOTAL           TEMP      POTENTIAL         TOTAL3        TEMPAVG

ENERGY:    3750       728.6770       599.5618       131.2243        13.6705          -9661.4768       900.5269       186.1043         0.0000      1564.8285          -5536.8836       214.8002     -7101.7121     -5478.7885       216.1229

ENERGY:    3775       725.6975       579.2382       128.1957        12.8398          -9688.7047       921.2319       198.5003         0.0000      1584.6433          -5538.3581       217.5201     -7123.0014     -5483.7378       217.2013

ENERGY:    3800       749.6541       577.2833       133.2589        11.8142          -9682.3221       928.5283       196.3108         0.0000      1543.9733          -5541.4991       211.9375     -7085.4724     -5486.2933       213.6902

ENERGY:    3825       711.2520       579.8345       137.0266        13.1660          -9707.0902       965.6302       195.8224         0.0000      1554.8688          -5549.4896       213.4331     -7104.3584     -5489.5698       212.8022

ENERGY:    3850       718.1927       606.0558       127.3151        12.9625          -9792.1392      1013.0386       181.3846         0.0000      1582.3967          -5550.7934       217.2117     -7133.1901     -5491.7869       215.5684

ENERGY:    3875       758.6003       533.8369       138.9298        11.9440          -9796.9522      1029.9374       182.3573         0.0000      1588.1665          -5553.1799       218.0037     -7141.3464     -5497.8780       218.2055

ENERGY:    3900       722.1376       603.5004       144.6899        11.2870          -9760.8636       980.2547       197.9491         0.0000      1544.3957          -5556.6494       211.9954     -7101.0450     -5499.6708       215.1552

ENERGY:    3925       715.7558       575.2465       137.1058        13.7627          -9725.3352       948.0910       197.3443         0.0000      1574.7252          -5563.3038       216.1587     -7138.0290     -5502.9832       215.2110

ENERGY:    3950       750.7676       553.5428       136.3649         9.4469          -9692.6720       913.5022       188.8960         0.0000      1575.2738          -5564.8777       216.2340     -7140.1516     -5505.9173       212.2136

ENERGY:    3975       758.9802       549.3954       134.1298        11.1662          -9705.6395       927.6896       181.4153         0.0000      1577.0916          -5565.7714       216.4835     -7142.8630     -5509.5092       214.5559

WRITING COORDINATES TO DCD FILE 1znj_cooling.dcd AT STEP 4000
WRITING COORDINATES TO RESTART FILE AT STEP 4000
FINISHED WRITING RESTART COORDINATES
The last position output (seq=4000) takes 0.144 seconds, 843.660 MB of memory in use
WRITING VELOCITIES TO RESTART FILE AT STEP 4000
FINISHED WRITING RESTART VELOCITIES
TIMING: 4000  CPU: 3.4296, 0.000839788/step  Wall: 7.76853, 0.00200995/step, 0.000558318 hours remaining, 843.660156 MB of memory in use.
ETITLE:      TS           BOND          ANGLE          DIHED          IMPRP               ELECT            VDW       BOUNDARY           MISC        KINETIC               TOTAL           TEMP      POTENTIAL         TOTAL3        TEMPAVG

ENERGY:    4000       735.3767       642.4605       131.4137        12.3813          -9796.4820       988.0713       186.6012         0.0000      1535.8342          -5564.3432       210.8202     -7100.1773     -5511.9315       214.7560

WRITING EXTENDED SYSTEM TO RESTART FILE AT STEP 4000
ENERGY:    4025       721.1667       576.3202       135.7763        10.1848          -9794.8068      1004.9136       198.6819         0.0000      1568.8283          -5578.9350       215.3492     -7147.7633     -5516.0909       215.6301

ENERGY:    4050       721.6769       579.4360       139.6927         8.1748          -9788.2955      1006.4238       195.6741         0.0000      1550.3871          -5586.8300       212.8179     -7137.2171     -5520.0535       215.5674

ENERGY:    4075       705.8897       589.0704       135.4934        12.2809          -9636.5986       901.0398       192.7302         0.0000      1523.0656          -5577.0286       209.0675     -7100.0942     -5521.2023       212.3648

ENERGY:    4100       749.9814       561.9827       142.0532        14.1677          -9671.0557       919.8330       186.2838         0.0000      1518.6593          -5578.0945       208.4627     -7096.7538     -5524.3909       211.3627

ENERGY:    4125       756.1012       562.0903       138.7473        17.7730          -9706.3128       942.8198       185.6447         0.0000      1521.0003          -5582.1362       208.7840     -7103.1365     -5527.6981       209.0728

LDB: ============= START OF LOAD BALANCING ============== 8.13012
LDB: ============== END OF LOAD BALANCING =============== 8.13016
Info: useSync: 0 useProxySync: 0
LDB: =============== DONE WITH MIGRATION ================ 8.13023
ENERGY:    4150       732.5215       567.1268       131.0174        10.4943          -9757.3103       989.8884       196.7950         0.0000      1542.1577          -5587.3091       211.6882     -7129.4669     -5528.5409       212.4493

ENERGY:    4175       711.6647       558.9639       133.9470        12.7715          -9731.2050       983.4146       188.3867         0.0000      1548.1122          -5593.9443       212.5056     -7142.0566     -5532.4517       212.2986

LDB: ============= START OF LOAD BALANCING ============== 8.17302
LDB: Largest compute 3 load 0.012307 is 34.4% of average load 0.035732
LDB: Average compute 0.003948 is 11.0% of average load 0.035732
LDB: TIME 8.1731 LOAD: AVG 0.035732 MAX 0.0416666  PROXIES: TOTAL 25 MAXPE 7 MAXPATCH 8 None MEM: 843.66 MB
LDB: TIME 8.17317 LOAD: AVG 0.035732 MAX 0.0416666  PROXIES: TOTAL 42 MAXPE 7 MAXPATCH 8 RefineTorusLB MEM: 843.66 MB
LDB: TIME 8.17321 LOAD: AVG 0.035732 MAX 0.0402379  PROXIES: TOTAL 42 MAXPE 7 MAXPATCH 8 RefineTorusLB MEM: 843.66 MB
LDB: ============== END OF LOAD BALANCING =============== 8.17325
Info: useSync: 0 useProxySync: 0
LDB: =============== DONE WITH MIGRATION ================ 8.17341
ENERGY:    4200       732.5253       592.0362       129.7700         8.7414          -9718.2367       934.2402       187.8007         0.0000      1535.2823          -5597.8406       210.7445     -7133.1229     -5534.2777       210.9447

ENERGY:    4225       698.5291       582.8297       131.3614         9.2078          -9704.1812       926.8989       182.7510         0.0000      1571.5999          -5601.0032       215.7297     -7172.6031     -5535.5831       211.3067

TIMING: 4250  CPU: 3.64166, 0.000848228/step  Wall: 8.12551, 0.00142791/step, 0.000297481 hours remaining, 843.660156 MB of memory in use.
ETITLE:      TS           BOND          ANGLE          DIHED          IMPRP               ELECT            VDW       BOUNDARY           MISC        KINETIC               TOTAL           TEMP      POTENTIAL         TOTAL3        TEMPAVG

ENERGY:    4250       730.6817       542.0486       133.5133        12.6251          -9642.4995       907.6337       168.6142         0.0000      1548.6073          -5598.7756       212.5735     -7147.3829     -5539.4137       211.4080

ENERGY:    4275       749.0411       570.1220       138.0926        10.5399          -9763.5975       954.6200       171.2476         0.0000      1566.2895          -5603.6448       215.0008     -7169.9343     -5542.6240       211.4035

ENERGY:    4300       709.8363       556.9442       135.5199        11.9265          -9754.0650      1002.0882       171.9934         0.0000      1552.4112          -5613.3453       213.0957     -7165.7565     -5545.2193       210.7988

ENERGY:    4325       737.2025       572.6483       134.0897         9.9718          -9734.8150       968.1039       178.4980         0.0000      1530.0444          -5604.2564       210.0255     -7134.3008     -5546.3344       212.0294

ENERGY:    4350       720.8370       575.1375       129.8753         9.7426          -9730.8672       929.2469       183.1768         0.0000      1567.4106          -5615.4405       215.1546     -7182.8511     -5550.2350       212.1053

ENERGY:    4375       733.4021       579.7498       127.7862        10.2303          -9695.0562       910.7273       187.2240         0.0000      1535.0019          -5610.9345       210.7060     -7145.9364     -5552.1613       212.5343

ENERGY:    4400       758.0989       555.3657       136.4800        14.3814          -9750.4366       974.5730       199.3207         0.0000      1507.3430          -5604.8738       206.9093     -7112.2168     -5554.7791       211.1041

ENERGY:    4425       742.4968       581.6064       128.6937        12.5494          -9779.9819       980.7636       201.9875         0.0000      1518.5399          -5613.3447       208.4463     -7131.8846     -5555.6003       207.3773

ENERGY:    4450       715.3798       554.5798       127.9154        10.0274          -9660.6777       905.5447       195.7373         0.0000      1531.6802          -5619.8131       210.2500     -7151.4933     -5558.6275       209.6025

ENERGY:    4475       729.9195       556.1881       127.5537        15.2796          -9706.7708       958.8980       188.1584         0.0000      1515.6513          -5615.1222       208.0498     -7130.7735     -5560.6548       211.3208

WRITING COORDINATES TO DCD FILE 1znj_cooling.dcd AT STEP 4500
WRITING COORDINATES TO RESTART FILE AT STEP 4500
FINISHED WRITING RESTART COORDINATES
The last position output (seq=4500) takes 0.142 seconds, 843.660 MB of memory in use
WRITING VELOCITIES TO RESTART FILE AT STEP 4500
FINISHED WRITING RESTART VELOCITIES
TIMING: 4500  CPU: 3.86353, 0.000887492/step  Wall: 8.63254, 0.00202813/step, 0.000281685 hours remaining, 843.660156 MB of memory in use.
ETITLE:      TS           BOND          ANGLE          DIHED          IMPRP               ELECT            VDW       BOUNDARY           MISC        KINETIC               TOTAL           TEMP      POTENTIAL         TOTAL3        TEMPAVG

ENERGY:    4500       734.2100       596.4623       137.4577        12.8116          -9744.9526       947.1776       181.6889         0.0000      1514.6202          -5620.5244       207.9082     -7135.1445     -5563.7727       211.8715

WRITING EXTENDED SYSTEM TO RESTART FILE AT STEP 4500
ENERGY:    4525       729.3914       583.7714       140.7771        13.6164          -9763.9916       974.6149       179.6387         0.0000      1519.8160          -5622.3657       208.6214     -7142.1817     -5566.4478       208.7416

ENERGY:    4550       705.5645       549.1454       134.3308        10.1605          -9642.4137       903.1394       181.2874         0.0000      1531.6651          -5627.1204       210.2479     -7158.7855     -5568.3850       208.9333

ENERGY:    4575       744.9712       581.2128       132.8973         9.3212          -9732.9822       916.3088       187.5440         0.0000      1531.3446          -5629.3823       210.2039     -7160.7269     -5570.9923       210.1944

ENERGY:    4600       718.0198       583.3843       132.1267        10.9897          -9728.8407       922.5495       186.9809         0.0000      1546.4352          -5628.3547       212.2754     -7174.7899     -5572.5169       210.2022

ENERGY:    4625       718.6484       562.0701       137.2337        13.0708          -9740.1236       955.2210       189.7604         0.0000      1530.7140          -5633.4051       210.1174     -7164.1191     -5574.0361       209.7039

ENERGY:    4650       728.2699       552.7969       124.1390         9.4391          -9670.4008       924.0858       187.4923         0.0000      1510.7189          -5633.4589       207.3727     -7144.1778     -5576.8934       208.6280

ENERGY:    4675       739.0059       561.3097       129.9550        12.5106          -9707.5804       939.0603       171.7480         0.0000      1518.3358          -5635.6551       208.4183     -7153.9909     -5579.7098       208.9837

ENERGY:    4700       696.8132       542.8816       130.6247        11.8659          -9704.9688       972.4631       179.3041         0.0000      1524.4450          -5646.5712       209.2569     -7171.0162     -5582.0564       210.8819

ENERGY:    4725       715.1510       565.0569       139.6760        11.7369          -9689.4074       924.2325       176.9856         0.0000      1516.0685          -5640.5001       208.1070     -7156.5686     -5583.4998       208.1721

TIMING: 4750  CPU: 4.10333, 0.000959196/step  Wall: 9.04525, 0.00165084/step, 0.000114642 hours remaining, 843.660156 MB of memory in use.
ETITLE:      TS           BOND          ANGLE          DIHED          IMPRP               ELECT            VDW       BOUNDARY           MISC        KINETIC               TOTAL           TEMP      POTENTIAL         TOTAL3        TEMPAVG

ENERGY:    4750       738.5657       575.3191       135.4742         9.3663          -9747.6160       947.8981       191.4616         0.0000      1505.4385          -5644.0925       206.6479     -7149.5310     -5585.8793       208.1805

ENERGY:    4775       711.4483       545.9303       130.2479        10.6677          -9714.8934       953.3515       193.6237         0.0000      1518.4003          -5651.2238       208.4271     -7169.6240     -5587.0178       207.0927

ENERGY:    4800       702.6085       576.5077       126.7266        11.1347          -9760.3700       972.2544       186.4288         0.0000      1532.7458          -5651.9635       210.3963     -7184.7093     -5589.8295       209.5807

ENERGY:    4825       729.6042       586.5142       130.2899         9.6903          -9773.6683       960.7912       181.6364         0.0000      1521.0485          -5654.0934       208.7906     -7175.1419     -5591.5098       208.4976

ENERGY:    4850       743.7492       544.4584       128.2278        13.1619          -9719.0010       931.1919       179.1223         0.0000      1530.2597          -5648.8299       210.0550     -7179.0896     -5591.8327       209.2524

ENERGY:    4875       705.6943       561.9338       125.5926        14.1520          -9695.8437       931.9046       185.3112         0.0000      1517.0788          -5654.1763       208.2457     -7171.2552     -5593.8384       208.1264

ENERGY:    4900       737.1143       621.1778       126.8190        12.9470          -9762.6493       940.8177       184.9020         0.0000      1485.4336          -5653.4379       203.9018     -7138.8715     -5596.5055       208.9414

ENERGY:    4925       706.0676       586.7949       130.6551        14.3428          -9805.3312      1003.3876       181.2028         0.0000      1521.5696          -5661.3107       208.8622     -7182.8804     -5598.7486       209.1863

ENERGY:    4950       709.8189       576.0576       132.9180        10.5445          -9746.4592       982.2835       186.9682         0.0000      1487.5451          -5660.3232       204.1917     -7147.8684     -5601.4765       208.9062

ENERGY:    4975       716.1484       588.1683       130.4938        12.3778          -9690.8297       873.8370       187.2017         0.0000      1518.2167          -5664.3860       208.4019     -7182.6027     -5604.2067       207.1826

TIMING: 5000  CPU: 4.32295, 0.000878492/step  Wall: 9.26621, 0.00088381/step, 0 hours remaining, 843.660156 MB of memory in use.
ETITLE:      TS           BOND          ANGLE          DIHED          IMPRP               ELECT            VDW       BOUNDARY           MISC        KINETIC               TOTAL           TEMP      POTENTIAL         TOTAL3        TEMPAVG

ENERGY:    5000       716.4226       559.5334       120.0811        12.0147          -9712.5721       922.5050       188.9712         0.0000      1525.2746          -5667.7697       209.3707     -7193.0443     -5605.3853       207.1500

WRITING EXTENDED SYSTEM TO RESTART FILE AT STEP 5000
WRITING COORDINATES TO DCD FILE 1znj_cooling.dcd AT STEP 5000
WRITING COORDINATES TO RESTART FILE AT STEP 5000
FINISHED WRITING RESTART COORDINATES
The last position output (seq=5000) takes 0.144 seconds, 843.660 MB of memory in use
WRITING VELOCITIES TO RESTART FILE AT STEP 5000
FINISHED WRITING RESTART VELOCITIES
WRITING EXTENDED SYSTEM TO OUTPUT FILE AT STEP 5000
CLOSING EXTENDED SYSTEM TRAJECTORY FILE
WRITING COORDINATES TO OUTPUT FILE AT STEP 5000
CLOSING COORDINATE DCD FILE 1znj_cooling.dcd
WRITING VELOCITIES TO OUTPUT FILE AT STEP 5000
====================================================

WallClock: 11.941586  CPUTime: 4.411278  Memory: 843.660156 MB
[Partition 0][Node 0] End of program
